0 info it worked if it ends with ok
1 verbose cli [ '/usr/bin/nodejs', '/usr/bin/npm', 'install' ]
2 info using npm@1.3.10
3 info using node@v0.10.25
4 warn package.json backend@1.0.0 No repository field.
5 warn package.json backend@1.0.0 No README data
6 verbose readDependencies using package.json deps
7 verbose install where, deps [ '/home/ubuntu/hitchhike/backend',
7 verbose install   [ '@sendgrid/mail', 'express' ] ]
8 info preinstall backend@1.0.0
9 verbose readDependencies using package.json deps
10 verbose cache add [ '@sendgrid/mail@^6.4.0', null ]
11 verbose cache add name=undefined spec="@sendgrid/mail@^6.4.0" args=["@sendgrid/mail@^6.4.0",null]
12 verbose parsed url { protocol: null,
12 verbose parsed url   slashes: null,
12 verbose parsed url   auth: null,
12 verbose parsed url   host: null,
12 verbose parsed url   port: null,
12 verbose parsed url   hostname: null,
12 verbose parsed url   hash: null,
12 verbose parsed url   search: null,
12 verbose parsed url   query: null,
12 verbose parsed url   pathname: '@sendgrid/mail@^6.4.0',
12 verbose parsed url   path: '@sendgrid/mail@^6.4.0',
12 verbose parsed url   href: '@sendgrid/mail@^6.4.0' }
13 verbose cache add name="" spec="sendgrid/mail@^6.4.0" args=["","sendgrid/mail@^6.4.0"]
14 verbose parsed url { protocol: null,
14 verbose parsed url   slashes: null,
14 verbose parsed url   auth: null,
14 verbose parsed url   host: null,
14 verbose parsed url   port: null,
14 verbose parsed url   hostname: null,
14 verbose parsed url   hash: null,
14 verbose parsed url   search: null,
14 verbose parsed url   query: null,
14 verbose parsed url   pathname: 'sendgrid/mail@^6.4.0',
14 verbose parsed url   path: 'sendgrid/mail@^6.4.0',
14 verbose parsed url   href: 'sendgrid/mail@^6.4.0' }
15 verbose cache add name="sendgrid/mail" spec="^6.4.0" args=["sendgrid/mail","^6.4.0"]
16 verbose parsed url { protocol: null,
16 verbose parsed url   slashes: null,
16 verbose parsed url   auth: null,
16 verbose parsed url   host: null,
16 verbose parsed url   port: null,
16 verbose parsed url   hostname: null,
16 verbose parsed url   hash: null,
16 verbose parsed url   search: null,
16 verbose parsed url   query: null,
16 verbose parsed url   pathname: '^6.4.0',
16 verbose parsed url   path: '^6.4.0',
16 verbose parsed url   href: '^6.4.0' }
17 verbose addNamed [ 'sendgrid/mail', '^6.4.0' ]
18 verbose addNamed [ null, '>=6.4.0-0 <7.0.0-0' ]
19 silly lockFile 65d4681a-sendgrid-mail-6-4-0 sendgrid/mail@^6.4.0
20 verbose lock sendgrid/mail@^6.4.0 /home/ubuntu/.npm/65d4681a-sendgrid-mail-6-4-0.lock
21 verbose already installed skipping express@^4.17.1 /home/ubuntu/hitchhike/backend
22 silly addNameRange { name: 'sendgrid/mail',
22 silly addNameRange   range: '>=6.4.0-0 <7.0.0-0',
22 silly addNameRange   hasData: false }
23 verbose url raw sendgrid/mail
24 verbose url resolving [ 'https://registry.npmjs.org/', './sendgrid/mail' ]
25 verbose url resolved https://registry.npmjs.org/sendgrid/mail
26 info trying registry request attempt 1 at 23:49:47
27 http GET https://registry.npmjs.org/sendgrid/mail
28 info retry will retry, error on last attempt: Error: CERT_UNTRUSTED
29 info trying registry request attempt 2 at 23:49:57
30 http GET https://registry.npmjs.org/sendgrid/mail
31 info retry will retry, error on last attempt: Error: CERT_UNTRUSTED
32 info trying registry request attempt 3 at 23:50:57
33 http GET https://registry.npmjs.org/sendgrid/mail
34 silly lockFile 65d4681a-sendgrid-mail-6-4-0 sendgrid/mail@^6.4.0
35 silly lockFile 65d4681a-sendgrid-mail-6-4-0 sendgrid/mail@^6.4.0
36 error Error: CERT_UNTRUSTED
36 error     at SecurePair.<anonymous> (tls.js:1370:32)
36 error     at SecurePair.EventEmitter.emit (events.js:92:17)
36 error     at SecurePair.maybeInitFinished (tls.js:982:10)
36 error     at CleartextStream.read [as _read] (tls.js:469:13)
36 error     at CleartextStream.Readable.read (_stream_readable.js:320:10)
36 error     at EncryptedStream.write [as _write] (tls.js:366:25)
36 error     at doWrite (_stream_writable.js:223:10)
36 error     at writeOrBuffer (_stream_writable.js:213:5)
36 error     at EncryptedStream.Writable.write (_stream_writable.js:180:11)
36 error     at write (_stream_readable.js:583:24)
37 error If you need help, you may report this log at:
37 error     <http://github.com/isaacs/npm/issues>
37 error or email it to:
37 error     <npm-@googlegroups.com>
38 error System Linux 3.13.0-170-generic
39 error command "/usr/bin/nodejs" "/usr/bin/npm" "install"
40 error cwd /home/ubuntu/hitchhike/backend
41 error node -v v0.10.25
42 error npm -v 1.3.10
43 verbose exit [ 1, true ]
